<?xml version="1.0" encoding="UTF-8"?>
<testsuite name="hsoft.VwapTriggerTest" tests="1" skipped="0" failures="0" errors="0" timestamp="2022-05-09T21:05:09" hostname="tbauquin" time="0.014">
  <properties/>
  <testcase name="shouldXxxx()" classname="hsoft.VwapTriggerTest" time="0.014"/>
  <system-out><![CDATA[]]></system-out>
  <system-err><![CDATA[]]></system-err>
</testsuite>
